# JRE version: OpenJDK Runtime Environment (8.0_152-b06) (build 1.8.0_152-release-1136-b06)
# Java VM: OpenJDK 64-Bit Server VM (25.152-b06 mixed mode windows-amd64 compressed oops)
Heap:
 PSYoungGen      total 56320K, used 21369K [0x00000000e0000000, 0x00000000e5400000, 0x0000000100000000)
  eden space 46080K, 33% used [0x00000000e0000000,0x00000000e0ef1180,0x00000000e2d00000)
  from space 10240K, 59% used [0x00000000e2d00000,0x00000000e32ed498,0x00000000e3700000)
  to   space 9728K, 0% used [0x00000000e4a80000,0x00000000e4a80000,0x00000000e5400000)
 ParOldGen       total 65536K, used 8169K [0x00000000a0000000, 0x00000000a4000000, 0x00000000e0000000)
  object space 65536K, 12% used [0x00000000a0000000,0x00000000a07fa730,0x00000000a4000000)
 Metaspace       used 28362K, capacity 28834K, committed 29056K, reserved 1075200K
  class space    used 3967K, capacity 4122K, committed 4224K, reserved 1048576K
GC Heap History (10 events):
Event: 5.905 GC heap before
{Heap before GC invocations=4 (full 0):
 PSYoungGen      total 38400K, used 38376K [0x00000000e0000000, 0x00000000e4680000, 0x0000000100000000)
  eden space 33280K, 100% used [0x00000000e0000000,0x00000000e2080000,0x00000000e2080000)
  from space 5120K, 99% used [0x00000000e2080000,0x00000000e257a040,0x00000000e2580000)
  to   space 5120K, 0% used [0x00000000e4180000,0x00000000e4180000,0x00000000e4680000)
 ParOldGen       total 87552K, used 2838K [0x00000000a0000000, 0x00000000a5580000, 0x00000000e0000000)
  object space 87552K, 3% used [0x00000000a0000000,0x00000000a02c5af8,0x00000000a5580000)
 Metaspace       used 17595K, capacity 18018K, committed 18048K, reserved 1064960K
  class space    used 2528K, capacity 2659K, committed 2688K, reserved 1048576K
Event: 5.916 GC heap after
Heap after GC invocations=4 (full 0):
 PSYoungGen      total 38400K, used 5096K [0x00000000e0000000, 0x00000000e4680000, 0x0000000100000000)
  eden space 33280K, 0% used [0x00000000e0000000,0x00000000e0000000,0x00000000e2080000)
  from space 5120K, 99% used [0x00000000e4180000,0x00000000e467a060,0x00000000e4680000)
  to   space 5120K, 0% used [0x00000000e2080000,0x00000000e2080000,0x00000000e2580000)
 ParOldGen       total 87552K, used 6368K [0x00000000a0000000, 0x00000000a5580000, 0x00000000e0000000)
  object space 87552K, 7% used [0x00000000a0000000,0x00000000a0638020,0x00000000a5580000)
 Metaspace       used 17595K, capacity 18018K, committed 18048K, reserved 1064960K
  class space    used 2528K, capacity 2659K, committed 2688K, reserved 1048576K
}
Event: 6.537 GC heap before
{Heap before GC invocations=5 (full 0):
 PSYoungGen      total 38400K, used 19043K [0x00000000e0000000, 0x00000000e4680000, 0x0000000100000000)
  eden space 33280K, 41% used [0x00000000e0000000,0x00000000e0d9ece0,0x00000000e2080000)
  from space 5120K, 99% used [0x00000000e4180000,0x00000000e467a060,0x00000000e4680000)
  to   space 5120K, 0% used [0x00000000e2080000,0x00000000e2080000,0x00000000e2580000)
 ParOldGen       total 87552K, used 6368K [0x00000000a0000000, 0x00000000a5580000, 0x00000000e0000000)
  object space 87552K, 7% used [0x00000000a0000000,0x00000000a0638020,0x00000000a5580000)
 Metaspace       used 20807K, capacity 21218K, committed 21248K, reserved 1067008K
  class space    used 2896K, capacity 3043K, committed 3072K, reserved 1048576K
Event: 6.545 GC heap after
Heap after GC invocations=5 (full 0):
 PSYoungGen      total 37888K, used 5112K [0x00000000e0000000, 0x00000000e4200000, 0x0000000100000000)
  eden space 32768K, 0% used [0x00000000e0000000,0x00000000e0000000,0x00000000e2000000)
  from space 5120K, 99% used [0x00000000e2080000,0x00000000e257e060,0x00000000e2580000)
  to   space 10240K, 0% used [0x00000000e3800000,0x00000000e3800000,0x00000000e4200000)
 ParOldGen       total 87552K, used 8806K [0x00000000a0000000, 0x00000000a5580000, 0x00000000e0000000)
  object space 87552K, 10% used [0x00000000a0000000,0x00000000a0899830,0x00000000a5580000)
 Metaspace       used 20807K, capacity 21218K, committed 21248K, reserved 1067008K
  class space    used 2896K, capacity 3043K, committed 3072K, reserved 1048576K
}
Event: 6.545 GC heap before
{Heap before GC invocations=6 (full 1):
 PSYoungGen      total 37888K, used 5112K [0x00000000e0000000, 0x00000000e4200000, 0x0000000100000000)
  eden space 32768K, 0% used [0x00000000e0000000,0x00000000e0000000,0x00000000e2000000)
  from space 5120K, 99% used [0x00000000e2080000,0x00000000e257e060,0x00000000e2580000)
  to   space 10240K, 0% used [0x00000000e3800000,0x00000000e3800000,0x00000000e4200000)
 ParOldGen       total 87552K, used 8806K [0x00000000a0000000, 0x00000000a5580000, 0x00000000e0000000)
  object space 87552K, 10% used [0x00000000a0000000,0x00000000a0899830,0x00000000a5580000)
 Metaspace       used 20807K, capacity 21218K, committed 21248K, reserved 1067008K
  class space    used 2896K, capacity 3043K, committed 3072K, reserved 1048576K
Event: 6.620 GC heap after
Heap after GC invocations=6 (full 1):
 PSYoungGen      total 37888K, used 0K [0x00000000e0000000, 0x00000000e4200000, 0x0000000100000000)
  eden space 32768K, 0% used [0x00000000e0000000,0x00000000e0000000,0x00000000e2000000)
  from space 5120K, 0% used [0x00000000e2080000,0x00000000e2080000,0x00000000e2580000)
  to   space 10240K, 0% used [0x00000000e3800000,0x00000000e3800000,0x00000000e4200000)
 ParOldGen       total 65536K, used 8153K [0x00000000a0000000, 0x00000000a4000000, 0x00000000e0000000)
  object space 65536K, 12% used [0x00000000a0000000,0x00000000a07f6730,0x00000000a4000000)
 Metaspace       used 20807K, capacity 21218K, committed 21248K, reserved 1067008K
  class space    used 2896K, capacity 3043K, committed 3072K, reserved 1048576K
}
Event: 7.474 GC heap before
{Heap before GC invocations=7 (full 1):
 PSYoungGen      total 37888K, used 32768K [0x00000000e0000000, 0x00000000e4200000, 0x0000000100000000)
  eden space 32768K, 100% used [0x00000000e0000000,0x00000000e2000000,0x00000000e2000000)
  from space 5120K, 0% used [0x00000000e2080000,0x00000000e2080000,0x00000000e2580000)
  to   space 10240K, 0% used [0x00000000e3800000,0x00000000e3800000,0x00000000e4200000)
 ParOldGen       total 65536K, used 8153K [0x00000000a0000000, 0x00000000a4000000, 0x00000000e0000000)
  object space 65536K, 12% used [0x00000000a0000000,0x00000000a07f6730,0x00000000a4000000)
 Metaspace       used 24130K, capacity 24626K, committed 24832K, reserved 1071104K
  class space    used 3313K, capacity 3468K, committed 3584K, reserved 1048576K
Event: 7.478 GC heap after
Heap after GC invocations=7 (full 1):
 PSYoungGen      total 55296K, used 4059K [0x00000000e0000000, 0x00000000e4100000, 0x0000000100000000)
  eden space 46080K, 0% used [0x00000000e0000000,0x00000000e0000000,0x00000000e2d00000)
  from space 9216K, 44% used [0x00000000e3800000,0x00000000e3bf6ec8,0x00000000e4100000)
  to   space 10240K, 0% used [0x00000000e2d00000,0x00000000e2d00000,0x00000000e3700000)
 ParOldGen       total 65536K, used 8161K [0x00000000a0000000, 0x00000000a4000000, 0x00000000e0000000)
  object space 65536K, 12% used [0x00000000a0000000,0x00000000a07f8730,0x00000000a4000000)
 Metaspace       used 24130K, capacity 24626K, committed 24832K, reserved 1071104K
  class space    used 3313K, capacity 3468K, committed 3584K, reserved 1048576K
}
Event: 8.485 GC heap before
{Heap before GC invocations=8 (full 1):
 PSYoungGen      total 55296K, used 50139K [0x00000000e0000000, 0x00000000e4100000, 0x0000000100000000)
  eden space 46080K, 100% used [0x00000000e0000000,0x00000000e2d00000,0x00000000e2d00000)
  from space 9216K, 44% used [0x00000000e3800000,0x00000000e3bf6ec8,0x00000000e4100000)
  to   space 10240K, 0% used [0x00000000e2d00000,0x00000000e2d00000,0x00000000e3700000)
 ParOldGen       total 65536K, used 8161K [0x00000000a0000000, 0x00000000a4000000, 0x00000000e0000000)
  object space 65536K, 12% used [0x00000000a0000000,0x00000000a07f8730,0x00000000a4000000)
 Metaspace       used 27504K, capacity 28002K, committed 28160K, reserved 1073152K
  class space    used 3835K, capacity 3994K, committed 4096K, reserved 1048576K
Event: 8.499 GC heap after
Heap after GC invocations=8 (full 1):
 PSYoungGen      total 56320K, used 6069K [0x00000000e0000000, 0x00000000e5400000, 0x0000000100000000)
  eden space 46080K, 0% used [0x00000000e0000000,0x00000000e0000000,0x00000000e2d00000)
  from space 10240K, 59% used [0x00000000e2d00000,0x00000000e32ed498,0x00000000e3700000)
  to   space 9728K, 0% used [0x00000000e4a80000,0x00000000e4a80000,0x00000000e5400000)
 ParOldGen       total 65536K, used 8169K [0x00000000a0000000, 0x00000000a4000000, 0x00000000e0000000)
  object space 65536K, 12% used [0x00000000a0000000,0x00000000a07fa730,0x00000000a4000000)
 Metaspace       used 27504K, capacity 28002K, committed 28160K, reserved 1073152K
  class space    used 3835K, capacity 3994K, committed 4096K, reserved 1048576K
}

